<?xml version="1.0" encoding="UTF-8"?>
<!-- Generated by org.testng.reporters.JUnitReportReporter -->
<testsuite hostname="LAPTOP-0S8A98LM" failures="0" tests="1" name="TestNgBPG2.WoodLandShoes" time="23.471" errors="0" timestamp="2024-01-26T11:17:30 IST" skipped="0">
  <testcase classname="TestNgBPG2.WoodLandShoes" name="woodland" time="23.471"/>
  <system-out/>
</testsuite> <!-- TestNgBPG2.WoodLandShoes -->
