<?xml version="1.0" encoding="UTF-8"?>
<!-- Generated by org.testng.reporters.JUnitReportReporter -->
<testsuite hostname="LAPTOP-0S8A98LM" failures="0" tests="2" name="DataProviderWithExternel.DataProviderWithExcel" time="34.588" errors="0" timestamp="2024-01-30T20:30:46 IST" skipped="0">
  <testcase classname="DataProviderWithExternel.DataProviderWithExcel" name="receiver" time="30.899"/>
  <system-out/>
  <testcase classname="DataProviderWithExternel.DataProviderWithExcel" name="receiver" time="3.689"/>
  <system-out/>
</testsuite> <!-- DataProviderWithExternel.DataProviderWithExcel -->
