<?xml version="1.0" encoding="UTF-8"?>
<!-- Generated by org.testng.reporters.JUnitReportReporter -->
<testsuite hostname="LAPTOP-0S8A98LM" failures="0" tests="1" name="Parameterized.DifferentBrowsers" time="1.836" errors="0" timestamp="2024-01-31T21:56:27 IST" skipped="0">
  <testcase classname="Parameterized.DifferentBrowsers" name="browsers" time="1.836"/>
  <system-out>
    <![CDATA[chromedriver]]>
  </system-out>
</testsuite> <!-- Parameterized.DifferentBrowsers -->
