<?xml version="1.0" encoding="UTF-8"?>
<!-- Generated by org.testng.reporters.JUnitReportReporter -->
<testsuite hostname="LAPTOP-0S8A98LM" failures="0" tests="1" name="TestNgBPG2.PumaShoes" time="22.123" errors="0" timestamp="2024-01-26T11:17:30 IST" skipped="0">
  <testcase classname="TestNgBPG2.PumaShoes" name="puma" time="22.123"/>
  <system-out/>
</testsuite> <!-- TestNgBPG2.PumaShoes -->
