<?xml version="1.0" encoding="UTF-8"?>
<!-- Generated by org.testng.reporters.JUnitReportReporter -->
<testsuite hostname="LAPTOP-0S8A98LM" failures="0" tests="3" name="TestNGPrograms.Day40DWS" time="0.025" errors="0" timestamp="2024-01-24T11:17:43 IST" skipped="0">
  <testcase classname="TestNGPrograms.Day40DWS" name="dws" time="0.005"/>
  <system-out>
    <![CDATA[dws]]>
  </system-out>
  <testcase classname="TestNGPrograms.Day40DWS" name="cat" time="0.018"/>
  <system-out/>
  <testcase classname="TestNGPrograms.Day40DWS" name="test1" time="0.002"/>
  <system-out/>
</testsuite> <!-- TestNGPrograms.Day40DWS -->
