<?xml version="1.0" encoding="UTF-8"?>
<!-- Generated by org.testng.reporters.JUnitReportReporter -->
<testsuite hostname="LAPTOP-0S8A98LM" failures="0" tests="1" name="POM.ExecuteDay46DWSHomePageAssignment" time="10.743" errors="0" timestamp="2024-02-01T21:38:00 IST" skipped="0">
  <testcase classname="POM.ExecuteDay46DWSHomePageAssignment" name="reciever" time="10.743"/>
  <system-out/>
</testsuite> <!-- POM.ExecuteDay46DWSHomePageAssignment -->
