<?xml version="1.0" encoding="UTF-8"?>
<!-- Generated by org.testng.reporters.JUnitReportReporter -->
<testsuite hostname="LAPTOP-0S8A98LM" failures="0" tests="1" name="TestNGPrograms.Day40BataShoesAssigenment" time="9.706" errors="0" timestamp="2024-01-24T19:55:21 IST" skipped="0">
  <testcase classname="TestNGPrograms.Day40BataShoesAssigenment" name="bata" time="9.706"/>
  <system-out/>
</testsuite> <!-- TestNGPrograms.Day40BataShoesAssigenment -->
