<?xml version="1.0" encoding="UTF-8"?>
<!-- Generated by org.testng.reporters.JUnitReportReporter -->
<testsuite hostname="LAPTOP-0S8A98LM" failures="0" tests="2" name="Parameterized.UrlParameterized" time="10.758" errors="0" timestamp="2024-01-31T21:30:37 IST" skipped="0">
  <testcase classname="Parameterized.UrlParameterized" name="dws1" time="4.684"/>
  <system-out/>
  <testcase classname="Parameterized.UrlParameterized" name="dws" time="6.074"/>
  <system-out/>
</testsuite> <!-- Parameterized.UrlParameterized -->
