<?xml version="1.0" encoding="UTF-8"?>
<!-- Generated by org.testng.reporters.JUnitReportReporter -->
<testsuite hostname="LAPTOP-0S8A98LM" failures="0" tests="6" name="TestNGPrograms.Priority" time="51.212" errors="0" timestamp="2024-01-25T20:34:11 IST" skipped="0">
  <testcase classname="TestNGPrograms.Priority" name="royalenfield" time="11.004"/>
  <system-out/>
  <testcase classname="TestNGPrograms.Priority" name="agoda" time="4.332"/>
  <system-out/>
  <testcase classname="TestNGPrograms.Priority" name="redbus" time="3.773"/>
  <system-out/>
  <testcase classname="TestNGPrograms.Priority" name="dws" time="13.147"/>
  <system-out/>
  <testcase classname="TestNGPrograms.Priority" name="dws" time="12.899"/>
  <system-out/>
  <testcase classname="TestNGPrograms.Priority" name="bmw" time="6.057"/>
  <system-out/>
</testsuite> <!-- TestNGPrograms.Priority -->
