<?xml version="1.0" encoding="UTF-8"?>
<!-- Generated by org.testng.reporters.JUnitReportReporter -->
<testsuite hostname="LAPTOP-0S8A98LM" failures="0" tests="1" name="TestNGPrograms.PumaShoes" time="5.772" errors="0" timestamp="2024-01-24T19:56:19 IST" skipped="0">
  <testcase classname="TestNGPrograms.PumaShoes" name="puma" time="5.772"/>
  <system-out/>
</testsuite> <!-- TestNGPrograms.PumaShoes -->
