<?xml version="1.0" encoding="UTF-8"?>
<!-- Generated by org.testng.reporters.JUnitReportReporter -->
<testsuite hostname="LAPTOP-0S8A98LM" failures="0" tests="1" name="Assignment1.Day40HondaBikeTask" time="8.284" errors="0" timestamp="2024-01-24T20:53:11 IST" skipped="0">
  <testcase classname="Assignment1.Day40HondaBikeTask" name="Honda" time="8.284"/>
  <system-out/>
</testsuite> <!-- Assignment1.Day40HondaBikeTask -->
