<?xml version="1.0" encoding="UTF-8"?>
<!-- Generated by org.testng.reporters.JUnitReportReporter -->
<testsuite hostname="LAPTOP-0S8A98LM" failures="0" tests="1" name="TestNgBPG1.Day40HondaBikeTask" time="19.206" errors="0" timestamp="2024-01-26T11:17:30 IST" skipped="0">
  <testcase classname="TestNgBPG1.Day40HondaBikeTask" name="Honda" time="19.206"/>
  <system-out/>
</testsuite> <!-- TestNgBPG1.Day40HondaBikeTask -->
