<?xml version="1.0" encoding="UTF-8"?>
<!-- Generated by org.testng.reporters.JUnitReportReporter -->
<testsuite hostname="LAPTOP-0S8A98LM" failures="0" tests="1" name="TestNGPrograms.NikeShoeTask" time="7.308" errors="0" timestamp="2024-01-24T19:57:05 IST" skipped="0">
  <testcase classname="TestNGPrograms.NikeShoeTask" name="nike" time="7.308"/>
  <system-out/>
</testsuite> <!-- TestNGPrograms.NikeShoeTask -->
