<?xml version="1.0" encoding="UTF-8"?>
<!-- Generated by org.testng.reporters.JUnitReportReporter -->
<testsuite hostname="LAPTOP-0S8A98LM" failures="0" tests="1" name="TestNgBPG2.ReebokShoe" time="22.324" errors="0" timestamp="2024-01-26T11:17:30 IST" skipped="0">
  <testcase classname="TestNgBPG2.ReebokShoe" name="reebok" time="22.324"/>
  <system-out/>
</testsuite> <!-- TestNgBPG2.ReebokShoe -->
