<?xml version="1.0" encoding="UTF-8"?>
<!-- Generated by org.testng.reporters.JUnitReportReporter -->
<testsuite hostname="LAPTOP-0S8A98LM" failures="0" tests="2" name="DataProviderWithExternel.DynamicRowCell" time="11.285" errors="0" timestamp="2024-01-30T21:24:19 IST" skipped="0">
  <testcase classname="DataProviderWithExternel.DynamicRowCell" name="receiver" time="9.050"/>
  <system-out/>
  <testcase classname="DataProviderWithExternel.DynamicRowCell" name="receiver" time="2.235"/>
  <system-out/>
</testsuite> <!-- DataProviderWithExternel.DynamicRowCell -->
