<?xml version="1.0" encoding="UTF-8"?>
<!-- Generated by org.testng.reporters.JUnitReportReporter -->
<testsuite hostname="LAPTOP-0S8A98LM" failures="0" tests="1" name="Assignment1.Day40TVSBikesAssignment" time="10.267" errors="0" timestamp="2024-01-24T20:20:59 IST" skipped="0">
  <testcase classname="Assignment1.Day40TVSBikesAssignment" name="TVS" time="10.267"/>
  <system-out/>
</testsuite> <!-- Assignment1.Day40TVSBikesAssignment -->
