<?xml version="1.0" encoding="UTF-8"?>
<!-- Generated by org.testng.reporters.JUnitReportReporter -->
<testsuite hostname="LAPTOP-0S8A98LM" failures="0" tests="1" name="TestNGPrograms.WoodLandShoes" time="3.551" errors="0" timestamp="2024-01-24T19:55:48 IST" skipped="0">
  <testcase classname="TestNGPrograms.WoodLandShoes" name="woodland" time="3.551"/>
  <system-out/>
</testsuite> <!-- TestNGPrograms.WoodLandShoes -->
