<?xml version="1.0" encoding="UTF-8"?>
<!-- Generated by org.testng.reporters.JUnitReportReporter -->
<testsuite hostname="LAPTOP-0S8A98LM" failures="0" tests="1" name="POM.ExecuteDWSHomePage" time="10.082" errors="0" timestamp="2024-02-01T11:29:17 IST" skipped="0">
  <testcase classname="POM.ExecuteDWSHomePage" name="reciever" time="10.082"/>
  <system-out/>
</testsuite> <!-- POM.ExecuteDWSHomePage -->
