<?xml version="1.0" encoding="UTF-8"?>
<!-- Generated by org.testng.reporters.JUnitReportReporter -->
<testsuite hostname="LAPTOP-0S8A98LM" failures="0" tests="2" name="TestNGPrograms.DataProviderSenderAndReceiver" time="6.822" errors="0" timestamp="2024-01-29T20:27:51 IST" skipped="0">
  <testcase classname="TestNGPrograms.DataProviderSenderAndReceiver" name="receiver" time="2.089"/>
  <system-out/>
  <testcase classname="TestNGPrograms.DataProviderSenderAndReceiver" name="receiver" time="4.733"/>
  <system-out/>
</testsuite> <!-- TestNGPrograms.DataProviderSenderAndReceiver -->
