<?xml version="1.0" encoding="UTF-8"?>
<!-- Generated by org.testng.reporters.JUnitReportReporter -->
<testsuite hostname="LAPTOP-0S8A98LM" failures="0" tests="2" name="TestNGPrograms.Orders" time="0.011" errors="0" timestamp="2024-01-25T19:05:59 IST" skipped="0">
  <testcase classname="TestNGPrograms.Orders" name="test123" time="0.002"/>
  <system-out/>
  <testcase classname="TestNGPrograms.Orders" name="test" time="0.009"/>
  <system-out/>
</testsuite> <!-- TestNGPrograms.Orders -->
