<?xml version="1.0" encoding="UTF-8"?>
<!-- Generated by org.testng.reporters.JUnitReportReporter -->
<testsuite hostname="LAPTOP-0S8A98LM" failures="0" tests="1" name="TestNGPrograms.FetchingTheDataFromExternel" time="6.127" errors="0" timestamp="2024-01-30T19:47:55 IST" skipped="0">
  <testcase classname="TestNGPrograms.FetchingTheDataFromExternel" name="loginDWS" time="6.127"/>
  <system-out/>
</testsuite> <!-- TestNGPrograms.FetchingTheDataFromExternel -->
