<?xml version="1.0" encoding="UTF-8"?>
<!-- Generated by org.testng.reporters.JUnitReportReporter -->
<testsuite hostname="LAPTOP-0S8A98LM" failures="0" tests="1" name="TestNgBPG1.Day40TVSBikesAssignment" time="17.497" errors="0" timestamp="2024-01-26T11:17:30 IST" skipped="0">
  <testcase classname="TestNgBPG1.Day40TVSBikesAssignment" name="TVS" time="17.497"/>
  <system-out/>
</testsuite> <!-- TestNgBPG1.Day40TVSBikesAssignment -->
