<?xml version="1.0" encoding="UTF-8"?>
<!-- Generated by org.testng.reporters.JUnitReportReporter -->
<testsuite hostname="LAPTOP-0S8A98LM" failures="0" tests="1" name="TestNGPrograms.Day41AddToCartChronologicalOrder" time="5.111" errors="0" timestamp="2024-01-25T20:12:14 IST" skipped="0">
  <testcase classname="TestNGPrograms.Day41AddToCartChronologicalOrder" name="addToCart" time="5.111"/>
  <system-out/>
</testsuite> <!-- TestNGPrograms.Day41AddToCartChronologicalOrder -->
