<?xml version="1.0" encoding="UTF-8"?>
<!-- Generated by org.testng.reporters.JUnitReportReporter -->
<testsuite hostname="LAPTOP-0S8A98LM" failures="0" tests="5" name="TestNGPrograms.Day40ShoesAssigenment1" time="22.628" errors="0" timestamp="2024-01-24T19:33:50 IST" skipped="0">
  <testcase classname="TestNGPrograms.Day40ShoesAssigenment1" name="puma" time="4.175"/>
  <system-out/>
  <testcase classname="TestNGPrograms.Day40ShoesAssigenment1" name="bata" time="6.658"/>
  <system-out/>
  <testcase classname="TestNGPrograms.Day40ShoesAssigenment1" name="woodland" time="2.117"/>
  <system-out/>
  <testcase classname="TestNGPrograms.Day40ShoesAssigenment1" name="reebok" time="3.703"/>
  <system-out/>
  <testcase classname="TestNGPrograms.Day40ShoesAssigenment1" name="nike" time="5.975"/>
  <system-out/>
</testsuite> <!-- TestNGPrograms.Day40ShoesAssigenment1 -->
