<?xml version="1.0" encoding="UTF-8"?>
<!-- Generated by org.testng.reporters.JUnitReportReporter -->
<testsuite hostname="LAPTOP-0S8A98LM" failures="0" tests="1" name="TestNGPrograms.ReebokShoe" time="3.931" errors="0" timestamp="2024-01-24T19:56:39 IST" skipped="0">
  <testcase classname="TestNGPrograms.ReebokShoe" name="reebok" time="3.931"/>
  <system-out/>
</testsuite> <!-- TestNGPrograms.ReebokShoe -->
